[2022-11-11T15:00:46.127+0000] {taskinstance.py:1165} INFO - Dependencies all met for <TaskInstance: first_dag.download manual__2022-11-11T14:54:10.947391+00:00 [queued]>
[2022-11-11T15:00:46.135+0000] {taskinstance.py:1165} INFO - Dependencies all met for <TaskInstance: first_dag.download manual__2022-11-11T14:54:10.947391+00:00 [queued]>
[2022-11-11T15:00:46.136+0000] {taskinstance.py:1362} INFO - 
--------------------------------------------------------------------------------
[2022-11-11T15:00:46.136+0000] {taskinstance.py:1363} INFO - Starting attempt 2 of 2
[2022-11-11T15:00:46.137+0000] {taskinstance.py:1364} INFO - 
--------------------------------------------------------------------------------
[2022-11-11T15:00:46.146+0000] {taskinstance.py:1383} INFO - Executing <Task(PythonOperator): download> on 2022-11-11 14:54:10.947391+00:00
[2022-11-11T15:00:46.152+0000] {standard_task_runner.py:55} INFO - Started process 24040 to run task
[2022-11-11T15:00:46.157+0000] {standard_task_runner.py:82} INFO - Running: ['***', 'tasks', 'run', 'first_dag', 'download', 'manual__2022-11-11T14:54:10.947391+00:00', '--job-id', '83', '--raw', '--subdir', 'DAGS_FOLDER/first_dug.py', '--cfg-path', '/tmp/tmpv3wx4jgp']
[2022-11-11T15:00:46.160+0000] {standard_task_runner.py:83} INFO - Job 83: Subtask download
[2022-11-11T15:00:46.227+0000] {task_command.py:376} INFO - Running <TaskInstance: first_dag.download manual__2022-11-11T14:54:10.947391+00:00 [running]> on host 0b03955da713
[2022-11-11T15:00:46.284+0000] {taskinstance.py:1592} INFO - Exporting the following env vars:
AIRFLOW_CTX_DAG_OWNER=eugeny
AIRFLOW_CTX_DAG_ID=first_dag
AIRFLOW_CTX_TASK_ID=download
AIRFLOW_CTX_EXECUTION_DATE=2022-11-11T14:54:10.947391+00:00
AIRFLOW_CTX_TRY_NUMBER=2
AIRFLOW_CTX_DAG_RUN_ID=manual__2022-11-11T14:54:10.947391+00:00
[2022-11-11T15:00:56.309+0000] {taskinstance.py:1851} ERROR - Task failed with exception
Traceback (most recent call last):
  File "/home/airflow/.local/lib/python3.7/site-packages/urllib3/connection.py", line 175, in _new_conn
    (self._dns_host, self.port), self.timeout, **extra_kw
  File "/home/airflow/.local/lib/python3.7/site-packages/urllib3/util/connection.py", line 72, in create_connection
    for res in socket.getaddrinfo(host, port, family, socket.SOCK_STREAM):
  File "/usr/local/lib/python3.7/socket.py", line 752, in getaddrinfo
    for res in _socket.getaddrinfo(host, port, family, type, proto, flags):
socket.gaierror: [Errno -3] Temporary failure in name resolution

During handling of the above exception, another exception occurred:

Traceback (most recent call last):
  File "/home/airflow/.local/lib/python3.7/site-packages/urllib3/connectionpool.py", line 710, in urlopen
    chunked=chunked,
  File "/home/airflow/.local/lib/python3.7/site-packages/urllib3/connectionpool.py", line 386, in _make_request
    self._validate_conn(conn)
  File "/home/airflow/.local/lib/python3.7/site-packages/urllib3/connectionpool.py", line 1042, in _validate_conn
    conn.connect()
  File "/home/airflow/.local/lib/python3.7/site-packages/urllib3/connection.py", line 358, in connect
    self.sock = conn = self._new_conn()
  File "/home/airflow/.local/lib/python3.7/site-packages/urllib3/connection.py", line 187, in _new_conn
    self, "Failed to establish a new connection: %s" % e
urllib3.exceptions.NewConnectionError: <urllib3.connection.HTTPSConnection object at 0xffff75798790>: Failed to establish a new connection: [Errno -3] Temporary failure in name resolution

During handling of the above exception, another exception occurred:

Traceback (most recent call last):
  File "/home/airflow/.local/lib/python3.7/site-packages/requests/adapters.py", line 499, in send
    timeout=timeout,
  File "/home/airflow/.local/lib/python3.7/site-packages/urllib3/connectionpool.py", line 788, in urlopen
    method, url, error=e, _pool=self, _stacktrace=sys.exc_info()[2]
  File "/home/airflow/.local/lib/python3.7/site-packages/urllib3/util/retry.py", line 592, in increment
    raise MaxRetryError(_pool, url, error or ResponseError(cause))
urllib3.exceptions.MaxRetryError: HTTPSConnectionPool(host='github.com', port=443): Max retries exceeded with url: /datasets/currency-codes/blob/master/data/codes-all.csv (Caused by NewConnectionError('<urllib3.connection.HTTPSConnection object at 0xffff75798790>: Failed to establish a new connection: [Errno -3] Temporary failure in name resolution'))

During handling of the above exception, another exception occurred:

Traceback (most recent call last):
  File "/home/airflow/.local/lib/python3.7/site-packages/airflow/operators/python.py", line 175, in execute
    return_value = self.execute_callable()
  File "/home/airflow/.local/lib/python3.7/site-packages/airflow/operators/python.py", line 193, in execute_callable
    return self.python_callable(*self.op_args, **self.op_kwargs)
  File "/opt/airflow/dags/first_dug.py", line 30, in load_data
    req = requests.get('https://github.com/datasets/currency-codes/blob/master/data/codes-all.csv')
  File "/home/airflow/.local/lib/python3.7/site-packages/requests/api.py", line 73, in get
    return request("get", url, params=params, **kwargs)
  File "/home/airflow/.local/lib/python3.7/site-packages/requests/api.py", line 59, in request
    return session.request(method=method, url=url, **kwargs)
  File "/home/airflow/.local/lib/python3.7/site-packages/requests/sessions.py", line 587, in request
    resp = self.send(prep, **send_kwargs)
  File "/home/airflow/.local/lib/python3.7/site-packages/requests/sessions.py", line 701, in send
    r = adapter.send(request, **kwargs)
  File "/home/airflow/.local/lib/python3.7/site-packages/requests/adapters.py", line 565, in send
    raise ConnectionError(e, request=request)
requests.exceptions.ConnectionError: HTTPSConnectionPool(host='github.com', port=443): Max retries exceeded with url: /datasets/currency-codes/blob/master/data/codes-all.csv (Caused by NewConnectionError('<urllib3.connection.HTTPSConnection object at 0xffff75798790>: Failed to establish a new connection: [Errno -3] Temporary failure in name resolution'))
[2022-11-11T15:00:56.345+0000] {taskinstance.py:1406} INFO - Marking task as FAILED. dag_id=first_dag, task_id=download, execution_date=20221111T145410, start_date=20221111T150046, end_date=20221111T150056
[2022-11-11T15:00:56.360+0000] {standard_task_runner.py:105} ERROR - Failed to execute job 83 for task download (HTTPSConnectionPool(host='github.com', port=443): Max retries exceeded with url: /datasets/currency-codes/blob/master/data/codes-all.csv (Caused by NewConnectionError('<urllib3.connection.HTTPSConnection object at 0xffff75798790>: Failed to establish a new connection: [Errno -3] Temporary failure in name resolution')); 24040)
[2022-11-11T15:00:56.381+0000] {local_task_job.py:164} INFO - Task exited with return code 1
[2022-11-11T15:00:56.398+0000] {local_task_job.py:273} INFO - 0 downstream tasks scheduled from follow-on schedule check
